25-Apr-2019 00:21:27.298 INFO [Thread-5] org.apache.coyote.AbstractProtocol.pause Pausing ProtocolHandler ["http-nio-8080"]
25-Apr-2019 00:21:27.312 INFO [Thread-5] org.apache.coyote.AbstractProtocol.pause Pausing ProtocolHandler ["ajp-nio-8009"]
25-Apr-2019 00:21:27.320 INFO [Thread-5] org.apache.catalina.core.StandardService.stopInternal Stopping service [Catalina]
25-Apr-2019 00:21:27.366 INFO [Thread-5] org.apache.coyote.AbstractProtocol.stop Stopping ProtocolHandler ["http-nio-8080"]
25-Apr-2019 00:21:27.371 INFO [Thread-5] org.apache.coyote.AbstractProtocol.stop Stopping ProtocolHandler ["ajp-nio-8009"]
25-Apr-2019 00:21:27.374 INFO [Thread-5] org.apache.coyote.AbstractProtocol.destroy Destroying ProtocolHandler ["http-nio-8080"]
25-Apr-2019 00:21:27.375 INFO [Thread-5] org.apache.coyote.AbstractProtocol.destroy Destroying ProtocolHandler ["ajp-nio-8009"]
25-Apr-2019 00:21:30.414 INFO [main] org.apache.catalina.startup.VersionLoggerListener.log Server version name:   Apache Tomcat/9.0.19
25-Apr-2019 00:21:30.416 INFO [main] org.apache.catalina.startup.VersionLoggerListener.log Server built:          Apr 12 2019 14:22:48 UTC
25-Apr-2019 00:21:30.417 INFO [main] org.apache.catalina.startup.VersionLoggerListener.log Server version number: 9.0.19.0
25-Apr-2019 00:21:30.417 INFO [main] org.apache.catalina.startup.VersionLoggerListener.log OS Name:               Mac OS X
25-Apr-2019 00:21:30.417 INFO [main] org.apache.catalina.startup.VersionLoggerListener.log OS Version:            10.14.3
25-Apr-2019 00:21:30.418 INFO [main] org.apache.catalina.startup.VersionLoggerListener.log Architecture:          x86_64
25-Apr-2019 00:21:30.418 INFO [main] org.apache.catalina.startup.VersionLoggerListener.log Java Home:             /Library/Java/JavaVirtualMachines/jdk1.8.0_201.jdk/Contents/Home/jre
25-Apr-2019 00:21:30.418 INFO [main] org.apache.catalina.startup.VersionLoggerListener.log JVM Version:           1.8.0_201-b09
25-Apr-2019 00:21:30.418 INFO [main] org.apache.catalina.startup.VersionLoggerListener.log JVM Vendor:            Oracle Corporation
25-Apr-2019 00:21:30.418 INFO [main] org.apache.catalina.startup.VersionLoggerListener.log CATALINA_BASE:         /Users/admin/Documents/Huong/java/myWebProject/tomcat/apache-tomcat-9.0.19
25-Apr-2019 00:21:30.418 INFO [main] org.apache.catalina.startup.VersionLoggerListener.log CATALINA_HOME:         /Users/admin/Documents/Huong/java/myWebProject/tomcat/apache-tomcat-9.0.19
25-Apr-2019 00:21:30.419 INFO [main] org.apache.catalina.startup.VersionLoggerListener.log Command line argument: -Djava.util.logging.config.file=/Users/admin/Documents/Huong/java/myWebProject/tomcat/apache-tomcat-9.0.19/conf/logging.properties
25-Apr-2019 00:21:30.419 INFO [main] org.apache.catalina.startup.VersionLoggerListener.log Command line argument: -Djava.util.logging.manager=org.apache.juli.ClassLoaderLogManager
25-Apr-2019 00:21:30.420 INFO [main] org.apache.catalina.startup.VersionLoggerListener.log Command line argument: -Djdk.tls.ephemeralDHKeySize=2048
25-Apr-2019 00:21:30.420 INFO [main] org.apache.catalina.startup.VersionLoggerListener.log Command line argument: -Djava.protocol.handler.pkgs=org.apache.catalina.webresources
25-Apr-2019 00:21:30.420 INFO [main] org.apache.catalina.startup.VersionLoggerListener.log Command line argument: -Dorg.apache.catalina.security.SecurityListener.UMASK=0027
25-Apr-2019 00:21:30.420 INFO [main] org.apache.catalina.startup.VersionLoggerListener.log Command line argument: -Dignore.endorsed.dirs=
25-Apr-2019 00:21:30.420 INFO [main] org.apache.catalina.startup.VersionLoggerListener.log Command line argument: -Dcatalina.base=/Users/admin/Documents/Huong/java/myWebProject/tomcat/apache-tomcat-9.0.19
25-Apr-2019 00:21:30.421 INFO [main] org.apache.catalina.startup.VersionLoggerListener.log Command line argument: -Dcatalina.home=/Users/admin/Documents/Huong/java/myWebProject/tomcat/apache-tomcat-9.0.19
25-Apr-2019 00:21:30.421 INFO [main] org.apache.catalina.startup.VersionLoggerListener.log Command line argument: -Djava.io.tmpdir=/Users/admin/Documents/Huong/java/myWebProject/tomcat/apache-tomcat-9.0.19/temp
25-Apr-2019 00:21:30.421 INFO [main] org.apache.catalina.core.AprLifecycleListener.lifecycleEvent The APR based Apache Tomcat Native library which allows optimal performance in production environments was not found on the java.library.path: [/Users/admin/Library/Java/Extensions:/Library/Java/Extensions:/Network/Library/Java/Extensions:/System/Library/Java/Extensions:/usr/lib/java:.]
25-Apr-2019 00:21:30.560 INFO [main] org.apache.coyote.AbstractProtocol.init Initializing ProtocolHandler ["http-nio-8080"]
25-Apr-2019 00:21:30.593 INFO [main] org.apache.coyote.AbstractProtocol.init Initializing ProtocolHandler ["ajp-nio-8009"]
25-Apr-2019 00:21:30.598 INFO [main] org.apache.catalina.startup.Catalina.load Server initialization in [601] milliseconds
25-Apr-2019 00:21:30.644 INFO [main] org.apache.catalina.core.StandardService.startInternal Starting service [Catalina]
25-Apr-2019 00:21:30.645 INFO [main] org.apache.catalina.core.StandardEngine.startInternal Starting Servlet engine: [Apache Tomcat/9.0.19]
25-Apr-2019 00:21:30.655 INFO [main] org.apache.catalina.startup.HostConfig.deployDirectory Deploying web application directory [/Users/admin/Documents/Huong/java/myWebProject/tomcat/apache-tomcat-9.0.19/webapps/docs]
25-Apr-2019 00:21:30.980 INFO [main] org.apache.jasper.servlet.TldScanner.scanJars At least one JAR was scanned for TLDs yet contained no TLDs. Enable debug logging for this logger for a complete list of JARs that were scanned but no TLDs were found in them. Skipping unneeded JARs during scanning can improve startup time and JSP compilation time.
25-Apr-2019 00:21:31.013 INFO [main] org.apache.catalina.startup.HostConfig.deployDirectory Deployment of web application directory [/Users/admin/Documents/Huong/java/myWebProject/tomcat/apache-tomcat-9.0.19/webapps/docs] has finished in [358] ms
25-Apr-2019 00:21:31.013 INFO [main] org.apache.catalina.startup.HostConfig.deployDirectory Deploying web application directory [/Users/admin/Documents/Huong/java/myWebProject/tomcat/apache-tomcat-9.0.19/webapps/manager]
25-Apr-2019 00:21:31.130 INFO [main] org.apache.jasper.servlet.TldScanner.scanJars At least one JAR was scanned for TLDs yet contained no TLDs. Enable debug logging for this logger for a complete list of JARs that were scanned but no TLDs were found in them. Skipping unneeded JARs during scanning can improve startup time and JSP compilation time.
25-Apr-2019 00:21:31.137 INFO [main] org.apache.catalina.startup.HostConfig.deployDirectory Deployment of web application directory [/Users/admin/Documents/Huong/java/myWebProject/tomcat/apache-tomcat-9.0.19/webapps/manager] has finished in [124] ms
25-Apr-2019 00:21:31.138 INFO [main] org.apache.catalina.startup.HostConfig.deployDirectory Deploying web application directory [/Users/admin/Documents/Huong/java/myWebProject/tomcat/apache-tomcat-9.0.19/webapps/examples]
25-Apr-2019 00:21:31.425 INFO [main] org.apache.jasper.servlet.TldScanner.scanJars At least one JAR was scanned for TLDs yet contained no TLDs. Enable debug logging for this logger for a complete list of JARs that were scanned but no TLDs were found in them. Skipping unneeded JARs during scanning can improve startup time and JSP compilation time.
25-Apr-2019 00:21:31.443 INFO [main] org.apache.catalina.startup.HostConfig.deployDirectory Deployment of web application directory [/Users/admin/Documents/Huong/java/myWebProject/tomcat/apache-tomcat-9.0.19/webapps/examples] has finished in [305] ms
25-Apr-2019 00:21:31.443 INFO [main] org.apache.catalina.startup.HostConfig.deployDirectory Deploying web application directory [/Users/admin/Documents/Huong/java/myWebProject/tomcat/apache-tomcat-9.0.19/webapps/ROOT]
25-Apr-2019 00:21:31.540 INFO [main] org.apache.jasper.servlet.TldScanner.scanJars At least one JAR was scanned for TLDs yet contained no TLDs. Enable debug logging for this logger for a complete list of JARs that were scanned but no TLDs were found in them. Skipping unneeded JARs during scanning can improve startup time and JSP compilation time.
25-Apr-2019 00:21:31.541 INFO [main] org.apache.catalina.startup.HostConfig.deployDirectory Deployment of web application directory [/Users/admin/Documents/Huong/java/myWebProject/tomcat/apache-tomcat-9.0.19/webapps/ROOT] has finished in [98] ms
25-Apr-2019 00:21:31.542 INFO [main] org.apache.catalina.startup.HostConfig.deployDirectory Deploying web application directory [/Users/admin/Documents/Huong/java/myWebProject/tomcat/apache-tomcat-9.0.19/webapps/hello]
25-Apr-2019 00:21:31.661 INFO [main] org.apache.jasper.servlet.TldScanner.scanJars At least one JAR was scanned for TLDs yet contained no TLDs. Enable debug logging for this logger for a complete list of JARs that were scanned but no TLDs were found in them. Skipping unneeded JARs during scanning can improve startup time and JSP compilation time.
25-Apr-2019 00:21:31.665 INFO [main] org.apache.catalina.startup.HostConfig.deployDirectory Deployment of web application directory [/Users/admin/Documents/Huong/java/myWebProject/tomcat/apache-tomcat-9.0.19/webapps/hello] has finished in [124] ms
25-Apr-2019 00:21:31.666 INFO [main] org.apache.catalina.startup.HostConfig.deployDirectory Deploying web application directory [/Users/admin/Documents/Huong/java/myWebProject/tomcat/apache-tomcat-9.0.19/webapps/host-manager]
25-Apr-2019 00:21:31.739 INFO [main] org.apache.jasper.servlet.TldScanner.scanJars At least one JAR was scanned for TLDs yet contained no TLDs. Enable debug logging for this logger for a complete list of JARs that were scanned but no TLDs were found in them. Skipping unneeded JARs during scanning can improve startup time and JSP compilation time.
25-Apr-2019 00:21:31.741 INFO [main] org.apache.catalina.startup.HostConfig.deployDirectory Deployment of web application directory [/Users/admin/Documents/Huong/java/myWebProject/tomcat/apache-tomcat-9.0.19/webapps/host-manager] has finished in [75] ms
25-Apr-2019 00:21:31.745 INFO [main] org.apache.coyote.AbstractProtocol.start Starting ProtocolHandler ["http-nio-8080"]
25-Apr-2019 00:21:31.752 INFO [main] org.apache.coyote.AbstractProtocol.start Starting ProtocolHandler ["ajp-nio-8009"]
25-Apr-2019 00:21:31.756 INFO [main] org.apache.catalina.startup.Catalina.start Server startup in [1,156] milliseconds
25-Apr-2019 00:33:08.227 INFO [Thread-5] org.apache.coyote.AbstractProtocol.pause Pausing ProtocolHandler ["http-nio-8080"]
25-Apr-2019 00:33:08.236 INFO [Thread-5] org.apache.coyote.AbstractProtocol.pause Pausing ProtocolHandler ["ajp-nio-8009"]
25-Apr-2019 00:33:08.243 INFO [Thread-5] org.apache.catalina.core.StandardService.stopInternal Stopping service [Catalina]
25-Apr-2019 00:33:08.275 INFO [Thread-5] org.apache.coyote.AbstractProtocol.stop Stopping ProtocolHandler ["http-nio-8080"]
25-Apr-2019 00:33:08.278 INFO [Thread-5] org.apache.coyote.AbstractProtocol.stop Stopping ProtocolHandler ["ajp-nio-8009"]
25-Apr-2019 00:33:08.281 INFO [Thread-5] org.apache.coyote.AbstractProtocol.destroy Destroying ProtocolHandler ["http-nio-8080"]
25-Apr-2019 00:33:08.282 INFO [Thread-5] org.apache.coyote.AbstractProtocol.destroy Destroying ProtocolHandler ["ajp-nio-8009"]
25-Apr-2019 00:33:11.091 INFO [main] org.apache.catalina.startup.VersionLoggerListener.log Server version name:   Apache Tomcat/9.0.19
25-Apr-2019 00:33:11.094 INFO [main] org.apache.catalina.startup.VersionLoggerListener.log Server built:          Apr 12 2019 14:22:48 UTC
25-Apr-2019 00:33:11.094 INFO [main] org.apache.catalina.startup.VersionLoggerListener.log Server version number: 9.0.19.0
25-Apr-2019 00:33:11.094 INFO [main] org.apache.catalina.startup.VersionLoggerListener.log OS Name:               Mac OS X
25-Apr-2019 00:33:11.094 INFO [main] org.apache.catalina.startup.VersionLoggerListener.log OS Version:            10.14.3
25-Apr-2019 00:33:11.094 INFO [main] org.apache.catalina.startup.VersionLoggerListener.log Architecture:          x86_64
25-Apr-2019 00:33:11.095 INFO [main] org.apache.catalina.startup.VersionLoggerListener.log Java Home:             /Library/Java/JavaVirtualMachines/jdk1.8.0_201.jdk/Contents/Home/jre
25-Apr-2019 00:33:11.095 INFO [main] org.apache.catalina.startup.VersionLoggerListener.log JVM Version:           1.8.0_201-b09
25-Apr-2019 00:33:11.096 INFO [main] org.apache.catalina.startup.VersionLoggerListener.log JVM Vendor:            Oracle Corporation
25-Apr-2019 00:33:11.096 INFO [main] org.apache.catalina.startup.VersionLoggerListener.log CATALINA_BASE:         /Users/admin/Documents/Huong/java/myWebProject/tomcat/apache-tomcat-9.0.19
25-Apr-2019 00:33:11.096 INFO [main] org.apache.catalina.startup.VersionLoggerListener.log CATALINA_HOME:         /Users/admin/Documents/Huong/java/myWebProject/tomcat/apache-tomcat-9.0.19
25-Apr-2019 00:33:11.099 INFO [main] org.apache.catalina.startup.VersionLoggerListener.log Command line argument: -Djava.util.logging.config.file=/Users/admin/Documents/Huong/java/myWebProject/tomcat/apache-tomcat-9.0.19/conf/logging.properties
25-Apr-2019 00:33:11.099 INFO [main] org.apache.catalina.startup.VersionLoggerListener.log Command line argument: -Djava.util.logging.manager=org.apache.juli.ClassLoaderLogManager
25-Apr-2019 00:33:11.099 INFO [main] org.apache.catalina.startup.VersionLoggerListener.log Command line argument: -Djdk.tls.ephemeralDHKeySize=2048
25-Apr-2019 00:33:11.100 INFO [main] org.apache.catalina.startup.VersionLoggerListener.log Command line argument: -Djava.protocol.handler.pkgs=org.apache.catalina.webresources
25-Apr-2019 00:33:11.100 INFO [main] org.apache.catalina.startup.VersionLoggerListener.log Command line argument: -Dorg.apache.catalina.security.SecurityListener.UMASK=0027
25-Apr-2019 00:33:11.100 INFO [main] org.apache.catalina.startup.VersionLoggerListener.log Command line argument: -Dignore.endorsed.dirs=
25-Apr-2019 00:33:11.100 INFO [main] org.apache.catalina.startup.VersionLoggerListener.log Command line argument: -Dcatalina.base=/Users/admin/Documents/Huong/java/myWebProject/tomcat/apache-tomcat-9.0.19
25-Apr-2019 00:33:11.101 INFO [main] org.apache.catalina.startup.VersionLoggerListener.log Command line argument: -Dcatalina.home=/Users/admin/Documents/Huong/java/myWebProject/tomcat/apache-tomcat-9.0.19
25-Apr-2019 00:33:11.101 INFO [main] org.apache.catalina.startup.VersionLoggerListener.log Command line argument: -Djava.io.tmpdir=/Users/admin/Documents/Huong/java/myWebProject/tomcat/apache-tomcat-9.0.19/temp
25-Apr-2019 00:33:11.101 INFO [main] org.apache.catalina.core.AprLifecycleListener.lifecycleEvent The APR based Apache Tomcat Native library which allows optimal performance in production environments was not found on the java.library.path: [/Users/admin/Library/Java/Extensions:/Library/Java/Extensions:/Network/Library/Java/Extensions:/System/Library/Java/Extensions:/usr/lib/java:.]
25-Apr-2019 00:33:11.255 INFO [main] org.apache.coyote.AbstractProtocol.init Initializing ProtocolHandler ["http-nio-9999"]
25-Apr-2019 00:33:11.294 INFO [main] org.apache.coyote.AbstractProtocol.init Initializing ProtocolHandler ["ajp-nio-8009"]
25-Apr-2019 00:33:11.300 INFO [main] org.apache.catalina.startup.Catalina.load Server initialization in [632] milliseconds
25-Apr-2019 00:33:11.339 INFO [main] org.apache.catalina.core.StandardService.startInternal Starting service [Catalina]
25-Apr-2019 00:33:11.339 INFO [main] org.apache.catalina.core.StandardEngine.startInternal Starting Servlet engine: [Apache Tomcat/9.0.19]
25-Apr-2019 00:33:11.353 INFO [main] org.apache.catalina.startup.HostConfig.deployDirectory Deploying web application directory [/Users/admin/Documents/Huong/java/myWebProject/tomcat/apache-tomcat-9.0.19/webapps/docs]
25-Apr-2019 00:33:11.707 INFO [main] org.apache.jasper.servlet.TldScanner.scanJars At least one JAR was scanned for TLDs yet contained no TLDs. Enable debug logging for this logger for a complete list of JARs that were scanned but no TLDs were found in them. Skipping unneeded JARs during scanning can improve startup time and JSP compilation time.
25-Apr-2019 00:33:11.741 INFO [main] org.apache.catalina.startup.HostConfig.deployDirectory Deployment of web application directory [/Users/admin/Documents/Huong/java/myWebProject/tomcat/apache-tomcat-9.0.19/webapps/docs] has finished in [388] ms
25-Apr-2019 00:33:11.741 INFO [main] org.apache.catalina.startup.HostConfig.deployDirectory Deploying web application directory [/Users/admin/Documents/Huong/java/myWebProject/tomcat/apache-tomcat-9.0.19/webapps/manager]
25-Apr-2019 00:33:11.858 INFO [main] org.apache.jasper.servlet.TldScanner.scanJars At least one JAR was scanned for TLDs yet contained no TLDs. Enable debug logging for this logger for a complete list of JARs that were scanned but no TLDs were found in them. Skipping unneeded JARs during scanning can improve startup time and JSP compilation time.
25-Apr-2019 00:33:11.863 INFO [main] org.apache.catalina.startup.HostConfig.deployDirectory Deployment of web application directory [/Users/admin/Documents/Huong/java/myWebProject/tomcat/apache-tomcat-9.0.19/webapps/manager] has finished in [122] ms
25-Apr-2019 00:33:11.864 INFO [main] org.apache.catalina.startup.HostConfig.deployDirectory Deploying web application directory [/Users/admin/Documents/Huong/java/myWebProject/tomcat/apache-tomcat-9.0.19/webapps/examples]
25-Apr-2019 00:33:12.202 INFO [main] org.apache.jasper.servlet.TldScanner.scanJars At least one JAR was scanned for TLDs yet contained no TLDs. Enable debug logging for this logger for a complete list of JARs that were scanned but no TLDs were found in them. Skipping unneeded JARs during scanning can improve startup time and JSP compilation time.
25-Apr-2019 00:33:12.238 INFO [main] org.apache.catalina.startup.HostConfig.deployDirectory Deployment of web application directory [/Users/admin/Documents/Huong/java/myWebProject/tomcat/apache-tomcat-9.0.19/webapps/examples] has finished in [374] ms
25-Apr-2019 00:33:12.238 INFO [main] org.apache.catalina.startup.HostConfig.deployDirectory Deploying web application directory [/Users/admin/Documents/Huong/java/myWebProject/tomcat/apache-tomcat-9.0.19/webapps/ROOT]
25-Apr-2019 00:33:12.333 INFO [main] org.apache.jasper.servlet.TldScanner.scanJars At least one JAR was scanned for TLDs yet contained no TLDs. Enable debug logging for this logger for a complete list of JARs that were scanned but no TLDs were found in them. Skipping unneeded JARs during scanning can improve startup time and JSP compilation time.
25-Apr-2019 00:33:12.335 INFO [main] org.apache.catalina.startup.HostConfig.deployDirectory Deployment of web application directory [/Users/admin/Documents/Huong/java/myWebProject/tomcat/apache-tomcat-9.0.19/webapps/ROOT] has finished in [97] ms
25-Apr-2019 00:33:12.336 INFO [main] org.apache.catalina.startup.HostConfig.deployDirectory Deploying web application directory [/Users/admin/Documents/Huong/java/myWebProject/tomcat/apache-tomcat-9.0.19/webapps/hello]
25-Apr-2019 00:33:12.425 INFO [main] org.apache.jasper.servlet.TldScanner.scanJars At least one JAR was scanned for TLDs yet contained no TLDs. Enable debug logging for this logger for a complete list of JARs that were scanned but no TLDs were found in them. Skipping unneeded JARs during scanning can improve startup time and JSP compilation time.
25-Apr-2019 00:33:12.431 INFO [main] org.apache.catalina.startup.HostConfig.deployDirectory Deployment of web application directory [/Users/admin/Documents/Huong/java/myWebProject/tomcat/apache-tomcat-9.0.19/webapps/hello] has finished in [94] ms
25-Apr-2019 00:33:12.431 INFO [main] org.apache.catalina.startup.HostConfig.deployDirectory Deploying web application directory [/Users/admin/Documents/Huong/java/myWebProject/tomcat/apache-tomcat-9.0.19/webapps/host-manager]
25-Apr-2019 00:33:12.507 INFO [main] org.apache.jasper.servlet.TldScanner.scanJars At least one JAR was scanned for TLDs yet contained no TLDs. Enable debug logging for this logger for a complete list of JARs that were scanned but no TLDs were found in them. Skipping unneeded JARs during scanning can improve startup time and JSP compilation time.
25-Apr-2019 00:33:12.509 INFO [main] org.apache.catalina.startup.HostConfig.deployDirectory Deployment of web application directory [/Users/admin/Documents/Huong/java/myWebProject/tomcat/apache-tomcat-9.0.19/webapps/host-manager] has finished in [78] ms
25-Apr-2019 00:33:12.513 INFO [main] org.apache.coyote.AbstractProtocol.start Starting ProtocolHandler ["http-nio-9999"]
25-Apr-2019 00:33:12.521 INFO [main] org.apache.coyote.AbstractProtocol.start Starting ProtocolHandler ["ajp-nio-8009"]
25-Apr-2019 00:33:12.525 INFO [main] org.apache.catalina.startup.Catalina.start Server startup in [1,223] milliseconds
25-Apr-2019 00:36:45.225 INFO [Thread-5] org.apache.coyote.AbstractProtocol.pause Pausing ProtocolHandler ["http-nio-9999"]
25-Apr-2019 00:36:45.234 INFO [Thread-5] org.apache.coyote.AbstractProtocol.pause Pausing ProtocolHandler ["ajp-nio-8009"]
25-Apr-2019 00:36:45.240 INFO [Thread-5] org.apache.catalina.core.StandardService.stopInternal Stopping service [Catalina]
25-Apr-2019 00:36:45.279 INFO [Thread-5] org.apache.coyote.AbstractProtocol.stop Stopping ProtocolHandler ["http-nio-9999"]
25-Apr-2019 00:36:45.282 INFO [Thread-5] org.apache.coyote.AbstractProtocol.stop Stopping ProtocolHandler ["ajp-nio-8009"]
25-Apr-2019 00:36:45.284 INFO [Thread-5] org.apache.coyote.AbstractProtocol.destroy Destroying ProtocolHandler ["http-nio-9999"]
25-Apr-2019 00:36:45.285 INFO [Thread-5] org.apache.coyote.AbstractProtocol.destroy Destroying ProtocolHandler ["ajp-nio-8009"]
25-Apr-2019 00:36:47.985 INFO [main] org.apache.catalina.startup.VersionLoggerListener.log Server version name:   Apache Tomcat/9.0.19
25-Apr-2019 00:36:47.987 INFO [main] org.apache.catalina.startup.VersionLoggerListener.log Server built:          Apr 12 2019 14:22:48 UTC
25-Apr-2019 00:36:47.987 INFO [main] org.apache.catalina.startup.VersionLoggerListener.log Server version number: 9.0.19.0
25-Apr-2019 00:36:47.988 INFO [main] org.apache.catalina.startup.VersionLoggerListener.log OS Name:               Mac OS X
25-Apr-2019 00:36:47.988 INFO [main] org.apache.catalina.startup.VersionLoggerListener.log OS Version:            10.14.3
25-Apr-2019 00:36:47.988 INFO [main] org.apache.catalina.startup.VersionLoggerListener.log Architecture:          x86_64
25-Apr-2019 00:36:47.988 INFO [main] org.apache.catalina.startup.VersionLoggerListener.log Java Home:             /Library/Java/JavaVirtualMachines/jdk1.8.0_201.jdk/Contents/Home/jre
25-Apr-2019 00:36:47.988 INFO [main] org.apache.catalina.startup.VersionLoggerListener.log JVM Version:           1.8.0_201-b09
25-Apr-2019 00:36:47.988 INFO [main] org.apache.catalina.startup.VersionLoggerListener.log JVM Vendor:            Oracle Corporation
25-Apr-2019 00:36:47.988 INFO [main] org.apache.catalina.startup.VersionLoggerListener.log CATALINA_BASE:         /Users/admin/Documents/Huong/java/myWebProject/tomcat/apache-tomcat-9.0.19
25-Apr-2019 00:36:47.988 INFO [main] org.apache.catalina.startup.VersionLoggerListener.log CATALINA_HOME:         /Users/admin/Documents/Huong/java/myWebProject/tomcat/apache-tomcat-9.0.19
25-Apr-2019 00:36:47.990 INFO [main] org.apache.catalina.startup.VersionLoggerListener.log Command line argument: -Djava.util.logging.config.file=/Users/admin/Documents/Huong/java/myWebProject/tomcat/apache-tomcat-9.0.19/conf/logging.properties
25-Apr-2019 00:36:47.991 INFO [main] org.apache.catalina.startup.VersionLoggerListener.log Command line argument: -Djava.util.logging.manager=org.apache.juli.ClassLoaderLogManager
25-Apr-2019 00:36:47.991 INFO [main] org.apache.catalina.startup.VersionLoggerListener.log Command line argument: -Djdk.tls.ephemeralDHKeySize=2048
25-Apr-2019 00:36:47.991 INFO [main] org.apache.catalina.startup.VersionLoggerListener.log Command line argument: -Djava.protocol.handler.pkgs=org.apache.catalina.webresources
25-Apr-2019 00:36:47.992 INFO [main] org.apache.catalina.startup.VersionLoggerListener.log Command line argument: -Dorg.apache.catalina.security.SecurityListener.UMASK=0027
25-Apr-2019 00:36:47.992 INFO [main] org.apache.catalina.startup.VersionLoggerListener.log Command line argument: -Dignore.endorsed.dirs=
25-Apr-2019 00:36:47.992 INFO [main] org.apache.catalina.startup.VersionLoggerListener.log Command line argument: -Dcatalina.base=/Users/admin/Documents/Huong/java/myWebProject/tomcat/apache-tomcat-9.0.19
25-Apr-2019 00:36:47.992 INFO [main] org.apache.catalina.startup.VersionLoggerListener.log Command line argument: -Dcatalina.home=/Users/admin/Documents/Huong/java/myWebProject/tomcat/apache-tomcat-9.0.19
25-Apr-2019 00:36:47.992 INFO [main] org.apache.catalina.startup.VersionLoggerListener.log Command line argument: -Djava.io.tmpdir=/Users/admin/Documents/Huong/java/myWebProject/tomcat/apache-tomcat-9.0.19/temp
25-Apr-2019 00:36:47.993 INFO [main] org.apache.catalina.core.AprLifecycleListener.lifecycleEvent The APR based Apache Tomcat Native library which allows optimal performance in production environments was not found on the java.library.path: [/Users/admin/Library/Java/Extensions:/Library/Java/Extensions:/Network/Library/Java/Extensions:/System/Library/Java/Extensions:/usr/lib/java:.]
25-Apr-2019 00:36:48.145 INFO [main] org.apache.coyote.AbstractProtocol.init Initializing ProtocolHandler ["http-nio-9999"]
25-Apr-2019 00:36:48.183 INFO [main] org.apache.coyote.AbstractProtocol.init Initializing ProtocolHandler ["ajp-nio-8009"]
25-Apr-2019 00:36:48.188 INFO [main] org.apache.catalina.startup.Catalina.load Server initialization in [626] milliseconds
25-Apr-2019 00:36:48.220 INFO [main] org.apache.catalina.core.StandardService.startInternal Starting service [Catalina]
25-Apr-2019 00:36:48.220 INFO [main] org.apache.catalina.core.StandardEngine.startInternal Starting Servlet engine: [Apache Tomcat/9.0.19]
25-Apr-2019 00:36:48.228 INFO [main] org.apache.catalina.startup.HostConfig.deployDirectory Deploying web application directory [/Users/admin/Documents/Huong/java/myWebProject/tomcat/apache-tomcat-9.0.19/webapps/docs]
25-Apr-2019 00:36:48.548 INFO [main] org.apache.jasper.servlet.TldScanner.scanJars At least one JAR was scanned for TLDs yet contained no TLDs. Enable debug logging for this logger for a complete list of JARs that were scanned but no TLDs were found in them. Skipping unneeded JARs during scanning can improve startup time and JSP compilation time.
25-Apr-2019 00:36:48.583 INFO [main] org.apache.catalina.startup.HostConfig.deployDirectory Deployment of web application directory [/Users/admin/Documents/Huong/java/myWebProject/tomcat/apache-tomcat-9.0.19/webapps/docs] has finished in [355] ms
25-Apr-2019 00:36:48.584 INFO [main] org.apache.catalina.startup.HostConfig.deployDirectory Deploying web application directory [/Users/admin/Documents/Huong/java/myWebProject/tomcat/apache-tomcat-9.0.19/webapps/manager]
25-Apr-2019 00:36:48.736 INFO [main] org.apache.jasper.servlet.TldScanner.scanJars At least one JAR was scanned for TLDs yet contained no TLDs. Enable debug logging for this logger for a complete list of JARs that were scanned but no TLDs were found in them. Skipping unneeded JARs during scanning can improve startup time and JSP compilation time.
25-Apr-2019 00:36:48.741 INFO [main] org.apache.catalina.startup.HostConfig.deployDirectory Deployment of web application directory [/Users/admin/Documents/Huong/java/myWebProject/tomcat/apache-tomcat-9.0.19/webapps/manager] has finished in [157] ms
25-Apr-2019 00:36:48.742 INFO [main] org.apache.catalina.startup.HostConfig.deployDirectory Deploying web application directory [/Users/admin/Documents/Huong/java/myWebProject/tomcat/apache-tomcat-9.0.19/webapps/examples]
25-Apr-2019 00:36:49.048 INFO [main] org.apache.jasper.servlet.TldScanner.scanJars At least one JAR was scanned for TLDs yet contained no TLDs. Enable debug logging for this logger for a complete list of JARs that were scanned but no TLDs were found in them. Skipping unneeded JARs during scanning can improve startup time and JSP compilation time.
25-Apr-2019 00:36:49.067 INFO [main] org.apache.catalina.startup.HostConfig.deployDirectory Deployment of web application directory [/Users/admin/Documents/Huong/java/myWebProject/tomcat/apache-tomcat-9.0.19/webapps/examples] has finished in [324] ms
25-Apr-2019 00:36:49.067 INFO [main] org.apache.catalina.startup.HostConfig.deployDirectory Deploying web application directory [/Users/admin/Documents/Huong/java/myWebProject/tomcat/apache-tomcat-9.0.19/webapps/ROOT]
25-Apr-2019 00:36:49.151 INFO [main] org.apache.jasper.servlet.TldScanner.scanJars At least one JAR was scanned for TLDs yet contained no TLDs. Enable debug logging for this logger for a complete list of JARs that were scanned but no TLDs were found in them. Skipping unneeded JARs during scanning can improve startup time and JSP compilation time.
25-Apr-2019 00:36:49.153 INFO [main] org.apache.catalina.startup.HostConfig.deployDirectory Deployment of web application directory [/Users/admin/Documents/Huong/java/myWebProject/tomcat/apache-tomcat-9.0.19/webapps/ROOT] has finished in [86] ms
25-Apr-2019 00:36:49.153 INFO [main] org.apache.catalina.startup.HostConfig.deployDirectory Deploying web application directory [/Users/admin/Documents/Huong/java/myWebProject/tomcat/apache-tomcat-9.0.19/webapps/hello]
25-Apr-2019 00:36:49.251 INFO [main] org.apache.jasper.servlet.TldScanner.scanJars At least one JAR was scanned for TLDs yet contained no TLDs. Enable debug logging for this logger for a complete list of JARs that were scanned but no TLDs were found in them. Skipping unneeded JARs during scanning can improve startup time and JSP compilation time.
25-Apr-2019 00:36:49.255 INFO [main] org.apache.catalina.startup.HostConfig.deployDirectory Deployment of web application directory [/Users/admin/Documents/Huong/java/myWebProject/tomcat/apache-tomcat-9.0.19/webapps/hello] has finished in [102] ms
25-Apr-2019 00:36:49.256 INFO [main] org.apache.catalina.startup.HostConfig.deployDirectory Deploying web application directory [/Users/admin/Documents/Huong/java/myWebProject/tomcat/apache-tomcat-9.0.19/webapps/host-manager]
25-Apr-2019 00:36:49.327 INFO [main] org.apache.jasper.servlet.TldScanner.scanJars At least one JAR was scanned for TLDs yet contained no TLDs. Enable debug logging for this logger for a complete list of JARs that were scanned but no TLDs were found in them. Skipping unneeded JARs during scanning can improve startup time and JSP compilation time.
25-Apr-2019 00:36:49.329 INFO [main] org.apache.catalina.startup.HostConfig.deployDirectory Deployment of web application directory [/Users/admin/Documents/Huong/java/myWebProject/tomcat/apache-tomcat-9.0.19/webapps/host-manager] has finished in [74] ms
25-Apr-2019 00:36:49.332 INFO [main] org.apache.coyote.AbstractProtocol.start Starting ProtocolHandler ["http-nio-9999"]
25-Apr-2019 00:36:49.339 INFO [main] org.apache.coyote.AbstractProtocol.start Starting ProtocolHandler ["ajp-nio-8009"]
25-Apr-2019 00:36:49.342 INFO [main] org.apache.catalina.startup.Catalina.start Server startup in [1,152] milliseconds
25-Apr-2019 00:51:35.219 INFO [Thread-5] org.apache.coyote.AbstractProtocol.pause Pausing ProtocolHandler ["http-nio-9999"]
25-Apr-2019 00:51:35.227 INFO [Thread-5] org.apache.coyote.AbstractProtocol.pause Pausing ProtocolHandler ["ajp-nio-8009"]
25-Apr-2019 00:51:35.235 INFO [Thread-5] org.apache.catalina.core.StandardService.stopInternal Stopping service [Catalina]
25-Apr-2019 00:51:35.294 INFO [Thread-5] org.apache.coyote.AbstractProtocol.stop Stopping ProtocolHandler ["http-nio-9999"]
25-Apr-2019 00:51:35.296 INFO [Thread-5] org.apache.coyote.AbstractProtocol.stop Stopping ProtocolHandler ["ajp-nio-8009"]
25-Apr-2019 00:51:35.299 INFO [Thread-5] org.apache.coyote.AbstractProtocol.destroy Destroying ProtocolHandler ["http-nio-9999"]
25-Apr-2019 00:51:35.299 INFO [Thread-5] org.apache.coyote.AbstractProtocol.destroy Destroying ProtocolHandler ["ajp-nio-8009"]
25-Apr-2019 00:52:05.439 INFO [main] org.apache.catalina.startup.VersionLoggerListener.log Server version name:   Apache Tomcat/9.0.19
25-Apr-2019 00:52:05.442 INFO [main] org.apache.catalina.startup.VersionLoggerListener.log Server built:          Apr 12 2019 14:22:48 UTC
25-Apr-2019 00:52:05.443 INFO [main] org.apache.catalina.startup.VersionLoggerListener.log Server version number: 9.0.19.0
25-Apr-2019 00:52:05.443 INFO [main] org.apache.catalina.startup.VersionLoggerListener.log OS Name:               Mac OS X
25-Apr-2019 00:52:05.443 INFO [main] org.apache.catalina.startup.VersionLoggerListener.log OS Version:            10.14.3
25-Apr-2019 00:52:05.443 INFO [main] org.apache.catalina.startup.VersionLoggerListener.log Architecture:          x86_64
25-Apr-2019 00:52:05.443 INFO [main] org.apache.catalina.startup.VersionLoggerListener.log Java Home:             /Library/Java/JavaVirtualMachines/jdk1.8.0_201.jdk/Contents/Home/jre
25-Apr-2019 00:52:05.443 INFO [main] org.apache.catalina.startup.VersionLoggerListener.log JVM Version:           1.8.0_201-b09
25-Apr-2019 00:52:05.443 INFO [main] org.apache.catalina.startup.VersionLoggerListener.log JVM Vendor:            Oracle Corporation
25-Apr-2019 00:52:05.443 INFO [main] org.apache.catalina.startup.VersionLoggerListener.log CATALINA_BASE:         /Users/admin/Documents/Huong/java/myWebProject/tomcat/apache-tomcat-9.0.19
25-Apr-2019 00:52:05.444 INFO [main] org.apache.catalina.startup.VersionLoggerListener.log CATALINA_HOME:         /Users/admin/Documents/Huong/java/myWebProject/tomcat/apache-tomcat-9.0.19
25-Apr-2019 00:52:05.445 INFO [main] org.apache.catalina.startup.VersionLoggerListener.log Command line argument: -Djava.util.logging.config.file=/Users/admin/Documents/Huong/java/myWebProject/tomcat/apache-tomcat-9.0.19/conf/logging.properties
25-Apr-2019 00:52:05.445 INFO [main] org.apache.catalina.startup.VersionLoggerListener.log Command line argument: -Djava.util.logging.manager=org.apache.juli.ClassLoaderLogManager
25-Apr-2019 00:52:05.445 INFO [main] org.apache.catalina.startup.VersionLoggerListener.log Command line argument: -Djdk.tls.ephemeralDHKeySize=2048
25-Apr-2019 00:52:05.445 INFO [main] org.apache.catalina.startup.VersionLoggerListener.log Command line argument: -Djava.protocol.handler.pkgs=org.apache.catalina.webresources
25-Apr-2019 00:52:05.445 INFO [main] org.apache.catalina.startup.VersionLoggerListener.log Command line argument: -Dorg.apache.catalina.security.SecurityListener.UMASK=0027
25-Apr-2019 00:52:05.445 INFO [main] org.apache.catalina.startup.VersionLoggerListener.log Command line argument: -Dignore.endorsed.dirs=
25-Apr-2019 00:52:05.446 INFO [main] org.apache.catalina.startup.VersionLoggerListener.log Command line argument: -Dcatalina.base=/Users/admin/Documents/Huong/java/myWebProject/tomcat/apache-tomcat-9.0.19
25-Apr-2019 00:52:05.446 INFO [main] org.apache.catalina.startup.VersionLoggerListener.log Command line argument: -Dcatalina.home=/Users/admin/Documents/Huong/java/myWebProject/tomcat/apache-tomcat-9.0.19
25-Apr-2019 00:52:05.446 INFO [main] org.apache.catalina.startup.VersionLoggerListener.log Command line argument: -Djava.io.tmpdir=/Users/admin/Documents/Huong/java/myWebProject/tomcat/apache-tomcat-9.0.19/temp
25-Apr-2019 00:52:05.446 INFO [main] org.apache.catalina.core.AprLifecycleListener.lifecycleEvent The APR based Apache Tomcat Native library which allows optimal performance in production environments was not found on the java.library.path: [/Users/admin/Library/Java/Extensions:/Library/Java/Extensions:/Network/Library/Java/Extensions:/System/Library/Java/Extensions:/usr/lib/java:.]
25-Apr-2019 00:52:05.594 INFO [main] org.apache.coyote.AbstractProtocol.init Initializing ProtocolHandler ["http-nio-9999"]
25-Apr-2019 00:52:05.625 INFO [main] org.apache.coyote.AbstractProtocol.init Initializing ProtocolHandler ["ajp-nio-8009"]
25-Apr-2019 00:52:05.627 INFO [main] org.apache.catalina.startup.Catalina.load Server initialization in [634] milliseconds
25-Apr-2019 00:52:05.672 INFO [main] org.apache.catalina.core.StandardService.startInternal Starting service [Catalina]
25-Apr-2019 00:52:05.673 INFO [main] org.apache.catalina.core.StandardEngine.startInternal Starting Servlet engine: [Apache Tomcat/9.0.19]
25-Apr-2019 00:52:05.682 INFO [main] org.apache.catalina.startup.HostConfig.deployDirectory Deploying web application directory [/Users/admin/Documents/Huong/java/myWebProject/tomcat/apache-tomcat-9.0.19/webapps/docs]
25-Apr-2019 00:52:06.005 INFO [main] org.apache.jasper.servlet.TldScanner.scanJars At least one JAR was scanned for TLDs yet contained no TLDs. Enable debug logging for this logger for a complete list of JARs that were scanned but no TLDs were found in them. Skipping unneeded JARs during scanning can improve startup time and JSP compilation time.
25-Apr-2019 00:52:06.034 INFO [main] org.apache.catalina.startup.HostConfig.deployDirectory Deployment of web application directory [/Users/admin/Documents/Huong/java/myWebProject/tomcat/apache-tomcat-9.0.19/webapps/docs] has finished in [352] ms
25-Apr-2019 00:52:06.034 INFO [main] org.apache.catalina.startup.HostConfig.deployDirectory Deploying web application directory [/Users/admin/Documents/Huong/java/myWebProject/tomcat/apache-tomcat-9.0.19/webapps/manager]
25-Apr-2019 00:52:06.148 INFO [main] org.apache.jasper.servlet.TldScanner.scanJars At least one JAR was scanned for TLDs yet contained no TLDs. Enable debug logging for this logger for a complete list of JARs that were scanned but no TLDs were found in them. Skipping unneeded JARs during scanning can improve startup time and JSP compilation time.
25-Apr-2019 00:52:06.152 INFO [main] org.apache.catalina.startup.HostConfig.deployDirectory Deployment of web application directory [/Users/admin/Documents/Huong/java/myWebProject/tomcat/apache-tomcat-9.0.19/webapps/manager] has finished in [118] ms
25-Apr-2019 00:52:06.153 INFO [main] org.apache.catalina.startup.HostConfig.deployDirectory Deploying web application directory [/Users/admin/Documents/Huong/java/myWebProject/tomcat/apache-tomcat-9.0.19/webapps/examples]
25-Apr-2019 00:52:06.457 INFO [main] org.apache.jasper.servlet.TldScanner.scanJars At least one JAR was scanned for TLDs yet contained no TLDs. Enable debug logging for this logger for a complete list of JARs that were scanned but no TLDs were found in them. Skipping unneeded JARs during scanning can improve startup time and JSP compilation time.
25-Apr-2019 00:52:06.475 INFO [main] org.apache.catalina.startup.HostConfig.deployDirectory Deployment of web application directory [/Users/admin/Documents/Huong/java/myWebProject/tomcat/apache-tomcat-9.0.19/webapps/examples] has finished in [322] ms
25-Apr-2019 00:52:06.475 INFO [main] org.apache.catalina.startup.HostConfig.deployDirectory Deploying web application directory [/Users/admin/Documents/Huong/java/myWebProject/tomcat/apache-tomcat-9.0.19/webapps/ROOT]
25-Apr-2019 00:52:06.561 INFO [main] org.apache.jasper.servlet.TldScanner.scanJars At least one JAR was scanned for TLDs yet contained no TLDs. Enable debug logging for this logger for a complete list of JARs that were scanned but no TLDs were found in them. Skipping unneeded JARs during scanning can improve startup time and JSP compilation time.
25-Apr-2019 00:52:06.564 INFO [main] org.apache.catalina.startup.HostConfig.deployDirectory Deployment of web application directory [/Users/admin/Documents/Huong/java/myWebProject/tomcat/apache-tomcat-9.0.19/webapps/ROOT] has finished in [88] ms
25-Apr-2019 00:52:06.564 INFO [main] org.apache.catalina.startup.HostConfig.deployDirectory Deploying web application directory [/Users/admin/Documents/Huong/java/myWebProject/tomcat/apache-tomcat-9.0.19/webapps/hello]
25-Apr-2019 00:52:06.670 INFO [main] org.apache.jasper.servlet.TldScanner.scanJars At least one JAR was scanned for TLDs yet contained no TLDs. Enable debug logging for this logger for a complete list of JARs that were scanned but no TLDs were found in them. Skipping unneeded JARs during scanning can improve startup time and JSP compilation time.
25-Apr-2019 00:52:06.674 INFO [main] org.apache.catalina.startup.HostConfig.deployDirectory Deployment of web application directory [/Users/admin/Documents/Huong/java/myWebProject/tomcat/apache-tomcat-9.0.19/webapps/hello] has finished in [110] ms
25-Apr-2019 00:52:06.674 INFO [main] org.apache.catalina.startup.HostConfig.deployDirectory Deploying web application directory [/Users/admin/Documents/Huong/java/myWebProject/tomcat/apache-tomcat-9.0.19/webapps/host-manager]
25-Apr-2019 00:52:06.758 INFO [main] org.apache.jasper.servlet.TldScanner.scanJars At least one JAR was scanned for TLDs yet contained no TLDs. Enable debug logging for this logger for a complete list of JARs that were scanned but no TLDs were found in them. Skipping unneeded JARs during scanning can improve startup time and JSP compilation time.
25-Apr-2019 00:52:06.760 INFO [main] org.apache.catalina.startup.HostConfig.deployDirectory Deployment of web application directory [/Users/admin/Documents/Huong/java/myWebProject/tomcat/apache-tomcat-9.0.19/webapps/host-manager] has finished in [86] ms
25-Apr-2019 00:52:06.764 INFO [main] org.apache.coyote.AbstractProtocol.start Starting ProtocolHandler ["http-nio-9999"]
25-Apr-2019 00:52:06.772 INFO [main] org.apache.coyote.AbstractProtocol.start Starting ProtocolHandler ["ajp-nio-8009"]
25-Apr-2019 00:52:06.776 INFO [main] org.apache.catalina.startup.Catalina.start Server startup in [1,148] milliseconds
25-Apr-2019 00:53:40.995 INFO [Thread-5] org.apache.coyote.AbstractProtocol.pause Pausing ProtocolHandler ["http-nio-9999"]
25-Apr-2019 00:53:41.001 INFO [Thread-5] org.apache.coyote.AbstractProtocol.pause Pausing ProtocolHandler ["ajp-nio-8009"]
25-Apr-2019 00:53:41.009 INFO [Thread-5] org.apache.catalina.core.StandardService.stopInternal Stopping service [Catalina]
25-Apr-2019 00:53:41.041 INFO [Thread-5] org.apache.coyote.AbstractProtocol.stop Stopping ProtocolHandler ["http-nio-9999"]
25-Apr-2019 00:53:41.044 INFO [Thread-5] org.apache.coyote.AbstractProtocol.stop Stopping ProtocolHandler ["ajp-nio-8009"]
25-Apr-2019 00:53:41.046 INFO [Thread-5] org.apache.coyote.AbstractProtocol.destroy Destroying ProtocolHandler ["http-nio-9999"]
25-Apr-2019 00:53:41.047 INFO [Thread-5] org.apache.coyote.AbstractProtocol.destroy Destroying ProtocolHandler ["ajp-nio-8009"]
25-Apr-2019 01:04:50.777 INFO [main] org.apache.catalina.startup.VersionLoggerListener.log Server version name:   Apache Tomcat/9.0.19
25-Apr-2019 01:04:50.782 INFO [main] org.apache.catalina.startup.VersionLoggerListener.log Server built:          Apr 12 2019 14:22:48 UTC
25-Apr-2019 01:04:50.782 INFO [main] org.apache.catalina.startup.VersionLoggerListener.log Server version number: 9.0.19.0
25-Apr-2019 01:04:50.782 INFO [main] org.apache.catalina.startup.VersionLoggerListener.log OS Name:               Mac OS X
25-Apr-2019 01:04:50.782 INFO [main] org.apache.catalina.startup.VersionLoggerListener.log OS Version:            10.14.3
25-Apr-2019 01:04:50.782 INFO [main] org.apache.catalina.startup.VersionLoggerListener.log Architecture:          x86_64
25-Apr-2019 01:04:50.782 INFO [main] org.apache.catalina.startup.VersionLoggerListener.log Java Home:             /Library/Java/JavaVirtualMachines/jdk1.8.0_201.jdk/Contents/Home/jre
25-Apr-2019 01:04:50.782 INFO [main] org.apache.catalina.startup.VersionLoggerListener.log JVM Version:           1.8.0_201-b09
25-Apr-2019 01:04:50.783 INFO [main] org.apache.catalina.startup.VersionLoggerListener.log JVM Vendor:            Oracle Corporation
25-Apr-2019 01:04:50.783 INFO [main] org.apache.catalina.startup.VersionLoggerListener.log CATALINA_BASE:         /Users/admin/Documents/Huong/java/myWebProject/tomcat/apache-tomcat-9.0.19
25-Apr-2019 01:04:50.783 INFO [main] org.apache.catalina.startup.VersionLoggerListener.log CATALINA_HOME:         /Users/admin/Documents/Huong/java/myWebProject/tomcat/apache-tomcat-9.0.19
25-Apr-2019 01:04:50.785 INFO [main] org.apache.catalina.startup.VersionLoggerListener.log Command line argument: -Djava.util.logging.config.file=/Users/admin/Documents/Huong/java/myWebProject/tomcat/apache-tomcat-9.0.19/conf/logging.properties
25-Apr-2019 01:04:50.785 INFO [main] org.apache.catalina.startup.VersionLoggerListener.log Command line argument: -Djava.util.logging.manager=org.apache.juli.ClassLoaderLogManager
25-Apr-2019 01:04:50.785 INFO [main] org.apache.catalina.startup.VersionLoggerListener.log Command line argument: -Djdk.tls.ephemeralDHKeySize=2048
25-Apr-2019 01:04:50.785 INFO [main] org.apache.catalina.startup.VersionLoggerListener.log Command line argument: -Djava.protocol.handler.pkgs=org.apache.catalina.webresources
25-Apr-2019 01:04:50.785 INFO [main] org.apache.catalina.startup.VersionLoggerListener.log Command line argument: -Dorg.apache.catalina.security.SecurityListener.UMASK=0027
25-Apr-2019 01:04:50.785 INFO [main] org.apache.catalina.startup.VersionLoggerListener.log Command line argument: -Dignore.endorsed.dirs=
25-Apr-2019 01:04:50.786 INFO [main] org.apache.catalina.startup.VersionLoggerListener.log Command line argument: -Dcatalina.base=/Users/admin/Documents/Huong/java/myWebProject/tomcat/apache-tomcat-9.0.19
25-Apr-2019 01:04:50.786 INFO [main] org.apache.catalina.startup.VersionLoggerListener.log Command line argument: -Dcatalina.home=/Users/admin/Documents/Huong/java/myWebProject/tomcat/apache-tomcat-9.0.19
25-Apr-2019 01:04:50.786 INFO [main] org.apache.catalina.startup.VersionLoggerListener.log Command line argument: -Djava.io.tmpdir=/Users/admin/Documents/Huong/java/myWebProject/tomcat/apache-tomcat-9.0.19/temp
25-Apr-2019 01:04:50.786 INFO [main] org.apache.catalina.core.AprLifecycleListener.lifecycleEvent The APR based Apache Tomcat Native library which allows optimal performance in production environments was not found on the java.library.path: [/Users/admin/Library/Java/Extensions:/Library/Java/Extensions:/Network/Library/Java/Extensions:/System/Library/Java/Extensions:/usr/lib/java:.]
25-Apr-2019 01:04:51.011 INFO [main] org.apache.coyote.AbstractProtocol.init Initializing ProtocolHandler ["http-nio-9999"]
25-Apr-2019 01:04:51.059 INFO [main] org.apache.coyote.AbstractProtocol.init Initializing ProtocolHandler ["ajp-nio-8009"]
25-Apr-2019 01:04:51.061 INFO [main] org.apache.catalina.startup.Catalina.load Server initialization in [842] milliseconds
25-Apr-2019 01:04:51.104 INFO [main] org.apache.catalina.core.StandardService.startInternal Starting service [Catalina]
25-Apr-2019 01:04:51.104 INFO [main] org.apache.catalina.core.StandardEngine.startInternal Starting Servlet engine: [Apache Tomcat/9.0.19]
25-Apr-2019 01:04:51.117 INFO [main] org.apache.catalina.startup.HostConfig.deployDirectory Deploying web application directory [/Users/admin/Documents/Huong/java/myWebProject/tomcat/apache-tomcat-9.0.19/webapps/docs]
25-Apr-2019 01:04:51.512 INFO [main] org.apache.jasper.servlet.TldScanner.scanJars At least one JAR was scanned for TLDs yet contained no TLDs. Enable debug logging for this logger for a complete list of JARs that were scanned but no TLDs were found in them. Skipping unneeded JARs during scanning can improve startup time and JSP compilation time.
25-Apr-2019 01:04:51.550 INFO [main] org.apache.catalina.startup.HostConfig.deployDirectory Deployment of web application directory [/Users/admin/Documents/Huong/java/myWebProject/tomcat/apache-tomcat-9.0.19/webapps/docs] has finished in [433] ms
25-Apr-2019 01:04:51.551 INFO [main] org.apache.catalina.startup.HostConfig.deployDirectory Deploying web application directory [/Users/admin/Documents/Huong/java/myWebProject/tomcat/apache-tomcat-9.0.19/webapps/manager]
25-Apr-2019 01:04:51.688 INFO [main] org.apache.jasper.servlet.TldScanner.scanJars At least one JAR was scanned for TLDs yet contained no TLDs. Enable debug logging for this logger for a complete list of JARs that were scanned but no TLDs were found in them. Skipping unneeded JARs during scanning can improve startup time and JSP compilation time.
25-Apr-2019 01:04:51.693 INFO [main] org.apache.catalina.startup.HostConfig.deployDirectory Deployment of web application directory [/Users/admin/Documents/Huong/java/myWebProject/tomcat/apache-tomcat-9.0.19/webapps/manager] has finished in [142] ms
25-Apr-2019 01:04:51.694 INFO [main] org.apache.catalina.startup.HostConfig.deployDirectory Deploying web application directory [/Users/admin/Documents/Huong/java/myWebProject/tomcat/apache-tomcat-9.0.19/webapps/examples]
25-Apr-2019 01:04:52.136 INFO [main] org.apache.jasper.servlet.TldScanner.scanJars At least one JAR was scanned for TLDs yet contained no TLDs. Enable debug logging for this logger for a complete list of JARs that were scanned but no TLDs were found in them. Skipping unneeded JARs during scanning can improve startup time and JSP compilation time.
25-Apr-2019 01:04:52.166 INFO [main] org.apache.catalina.startup.HostConfig.deployDirectory Deployment of web application directory [/Users/admin/Documents/Huong/java/myWebProject/tomcat/apache-tomcat-9.0.19/webapps/examples] has finished in [473] ms
25-Apr-2019 01:04:52.167 INFO [main] org.apache.catalina.startup.HostConfig.deployDirectory Deploying web application directory [/Users/admin/Documents/Huong/java/myWebProject/tomcat/apache-tomcat-9.0.19/webapps/ROOT]
25-Apr-2019 01:04:52.266 INFO [main] org.apache.jasper.servlet.TldScanner.scanJars At least one JAR was scanned for TLDs yet contained no TLDs. Enable debug logging for this logger for a complete list of JARs that were scanned but no TLDs were found in them. Skipping unneeded JARs during scanning can improve startup time and JSP compilation time.
25-Apr-2019 01:04:52.268 INFO [main] org.apache.catalina.startup.HostConfig.deployDirectory Deployment of web application directory [/Users/admin/Documents/Huong/java/myWebProject/tomcat/apache-tomcat-9.0.19/webapps/ROOT] has finished in [101] ms
25-Apr-2019 01:04:52.268 INFO [main] org.apache.catalina.startup.HostConfig.deployDirectory Deploying web application directory [/Users/admin/Documents/Huong/java/myWebProject/tomcat/apache-tomcat-9.0.19/webapps/hello]
25-Apr-2019 01:04:52.370 INFO [main] org.apache.jasper.servlet.TldScanner.scanJars At least one JAR was scanned for TLDs yet contained no TLDs. Enable debug logging for this logger for a complete list of JARs that were scanned but no TLDs were found in them. Skipping unneeded JARs during scanning can improve startup time and JSP compilation time.
25-Apr-2019 01:04:52.378 INFO [main] org.apache.catalina.startup.HostConfig.deployDirectory Deployment of web application directory [/Users/admin/Documents/Huong/java/myWebProject/tomcat/apache-tomcat-9.0.19/webapps/hello] has finished in [109] ms
25-Apr-2019 01:04:52.378 INFO [main] org.apache.catalina.startup.HostConfig.deployDirectory Deploying web application directory [/Users/admin/Documents/Huong/java/myWebProject/tomcat/apache-tomcat-9.0.19/webapps/host-manager]
25-Apr-2019 01:04:52.460 INFO [main] org.apache.jasper.servlet.TldScanner.scanJars At least one JAR was scanned for TLDs yet contained no TLDs. Enable debug logging for this logger for a complete list of JARs that were scanned but no TLDs were found in them. Skipping unneeded JARs during scanning can improve startup time and JSP compilation time.
25-Apr-2019 01:04:52.462 INFO [main] org.apache.catalina.startup.HostConfig.deployDirectory Deployment of web application directory [/Users/admin/Documents/Huong/java/myWebProject/tomcat/apache-tomcat-9.0.19/webapps/host-manager] has finished in [84] ms
25-Apr-2019 01:04:52.466 INFO [main] org.apache.coyote.AbstractProtocol.start Starting ProtocolHandler ["http-nio-9999"]
25-Apr-2019 01:04:52.478 INFO [main] org.apache.coyote.AbstractProtocol.start Starting ProtocolHandler ["ajp-nio-8009"]
25-Apr-2019 01:04:52.496 INFO [main] org.apache.catalina.startup.Catalina.start Server startup in [1,434] milliseconds
25-Apr-2019 02:01:30.638 INFO [Thread-5] org.apache.coyote.AbstractProtocol.pause Pausing ProtocolHandler ["http-nio-9999"]
25-Apr-2019 02:01:30.654 INFO [Thread-5] org.apache.coyote.AbstractProtocol.pause Pausing ProtocolHandler ["ajp-nio-8009"]
25-Apr-2019 02:01:30.661 INFO [Thread-5] org.apache.catalina.core.StandardService.stopInternal Stopping service [Catalina]
25-Apr-2019 02:01:30.716 INFO [Thread-5] org.apache.coyote.AbstractProtocol.stop Stopping ProtocolHandler ["http-nio-9999"]
25-Apr-2019 02:01:30.726 INFO [Thread-5] org.apache.coyote.AbstractProtocol.stop Stopping ProtocolHandler ["ajp-nio-8009"]
25-Apr-2019 02:01:30.756 INFO [Thread-5] org.apache.coyote.AbstractProtocol.destroy Destroying ProtocolHandler ["http-nio-9999"]
25-Apr-2019 02:01:30.758 INFO [Thread-5] org.apache.coyote.AbstractProtocol.destroy Destroying ProtocolHandler ["ajp-nio-8009"]
25-Apr-2019 13:13:07.619 INFO [main] org.apache.catalina.startup.VersionLoggerListener.log Server version name:   Apache Tomcat/9.0.19
25-Apr-2019 13:13:07.623 INFO [main] org.apache.catalina.startup.VersionLoggerListener.log Server built:          Apr 12 2019 14:22:48 UTC
25-Apr-2019 13:13:07.623 INFO [main] org.apache.catalina.startup.VersionLoggerListener.log Server version number: 9.0.19.0
25-Apr-2019 13:13:07.623 INFO [main] org.apache.catalina.startup.VersionLoggerListener.log OS Name:               Mac OS X
25-Apr-2019 13:13:07.623 INFO [main] org.apache.catalina.startup.VersionLoggerListener.log OS Version:            10.14.3
25-Apr-2019 13:13:07.624 INFO [main] org.apache.catalina.startup.VersionLoggerListener.log Architecture:          x86_64
25-Apr-2019 13:13:07.624 INFO [main] org.apache.catalina.startup.VersionLoggerListener.log Java Home:             /Library/Java/JavaVirtualMachines/jdk1.8.0_201.jdk/Contents/Home/jre
25-Apr-2019 13:13:07.624 INFO [main] org.apache.catalina.startup.VersionLoggerListener.log JVM Version:           1.8.0_201-b09
25-Apr-2019 13:13:07.624 INFO [main] org.apache.catalina.startup.VersionLoggerListener.log JVM Vendor:            Oracle Corporation
25-Apr-2019 13:13:07.624 INFO [main] org.apache.catalina.startup.VersionLoggerListener.log CATALINA_BASE:         /Users/admin/Documents/Huong/java/myWebProject/tomcat/apache-tomcat-9.0.19
25-Apr-2019 13:13:07.624 INFO [main] org.apache.catalina.startup.VersionLoggerListener.log CATALINA_HOME:         /Users/admin/Documents/Huong/java/myWebProject/tomcat/apache-tomcat-9.0.19
25-Apr-2019 13:13:07.626 INFO [main] org.apache.catalina.startup.VersionLoggerListener.log Command line argument: -Djava.util.logging.config.file=/Users/admin/Documents/Huong/java/myWebProject/tomcat/apache-tomcat-9.0.19/conf/logging.properties
25-Apr-2019 13:13:07.626 INFO [main] org.apache.catalina.startup.VersionLoggerListener.log Command line argument: -Djava.util.logging.manager=org.apache.juli.ClassLoaderLogManager
25-Apr-2019 13:13:07.626 INFO [main] org.apache.catalina.startup.VersionLoggerListener.log Command line argument: -Djdk.tls.ephemeralDHKeySize=2048
25-Apr-2019 13:13:07.626 INFO [main] org.apache.catalina.startup.VersionLoggerListener.log Command line argument: -Djava.protocol.handler.pkgs=org.apache.catalina.webresources
25-Apr-2019 13:13:07.626 INFO [main] org.apache.catalina.startup.VersionLoggerListener.log Command line argument: -Dorg.apache.catalina.security.SecurityListener.UMASK=0027
25-Apr-2019 13:13:07.626 INFO [main] org.apache.catalina.startup.VersionLoggerListener.log Command line argument: -Dignore.endorsed.dirs=
25-Apr-2019 13:13:07.626 INFO [main] org.apache.catalina.startup.VersionLoggerListener.log Command line argument: -Dcatalina.base=/Users/admin/Documents/Huong/java/myWebProject/tomcat/apache-tomcat-9.0.19
25-Apr-2019 13:13:07.627 INFO [main] org.apache.catalina.startup.VersionLoggerListener.log Command line argument: -Dcatalina.home=/Users/admin/Documents/Huong/java/myWebProject/tomcat/apache-tomcat-9.0.19
25-Apr-2019 13:13:07.627 INFO [main] org.apache.catalina.startup.VersionLoggerListener.log Command line argument: -Djava.io.tmpdir=/Users/admin/Documents/Huong/java/myWebProject/tomcat/apache-tomcat-9.0.19/temp
25-Apr-2019 13:13:07.627 INFO [main] org.apache.catalina.core.AprLifecycleListener.lifecycleEvent The APR based Apache Tomcat Native library which allows optimal performance in production environments was not found on the java.library.path: [/Users/admin/Library/Java/Extensions:/Library/Java/Extensions:/Network/Library/Java/Extensions:/System/Library/Java/Extensions:/usr/lib/java:.]
25-Apr-2019 13:13:07.850 INFO [main] org.apache.coyote.AbstractProtocol.init Initializing ProtocolHandler ["http-nio-9999"]
25-Apr-2019 13:13:07.902 INFO [main] org.apache.coyote.AbstractProtocol.init Initializing ProtocolHandler ["ajp-nio-8009"]
25-Apr-2019 13:13:07.904 INFO [main] org.apache.catalina.startup.Catalina.load Server initialization in [819] milliseconds
25-Apr-2019 13:13:07.940 INFO [main] org.apache.catalina.core.StandardService.startInternal Starting service [Catalina]
25-Apr-2019 13:13:07.940 INFO [main] org.apache.catalina.core.StandardEngine.startInternal Starting Servlet engine: [Apache Tomcat/9.0.19]
25-Apr-2019 13:13:07.954 INFO [main] org.apache.catalina.startup.HostConfig.deployDirectory Deploying web application directory [/Users/admin/Documents/Huong/java/myWebProject/tomcat/apache-tomcat-9.0.19/webapps/docs]
25-Apr-2019 13:13:08.304 INFO [main] org.apache.jasper.servlet.TldScanner.scanJars At least one JAR was scanned for TLDs yet contained no TLDs. Enable debug logging for this logger for a complete list of JARs that were scanned but no TLDs were found in them. Skipping unneeded JARs during scanning can improve startup time and JSP compilation time.
25-Apr-2019 13:13:08.343 INFO [main] org.apache.catalina.startup.HostConfig.deployDirectory Deployment of web application directory [/Users/admin/Documents/Huong/java/myWebProject/tomcat/apache-tomcat-9.0.19/webapps/docs] has finished in [388] ms
25-Apr-2019 13:13:08.343 INFO [main] org.apache.catalina.startup.HostConfig.deployDirectory Deploying web application directory [/Users/admin/Documents/Huong/java/myWebProject/tomcat/apache-tomcat-9.0.19/webapps/manager]
25-Apr-2019 13:13:08.456 INFO [main] org.apache.jasper.servlet.TldScanner.scanJars At least one JAR was scanned for TLDs yet contained no TLDs. Enable debug logging for this logger for a complete list of JARs that were scanned but no TLDs were found in them. Skipping unneeded JARs during scanning can improve startup time and JSP compilation time.
25-Apr-2019 13:13:08.463 INFO [main] org.apache.catalina.startup.HostConfig.deployDirectory Deployment of web application directory [/Users/admin/Documents/Huong/java/myWebProject/tomcat/apache-tomcat-9.0.19/webapps/manager] has finished in [119] ms
25-Apr-2019 13:13:08.463 INFO [main] org.apache.catalina.startup.HostConfig.deployDirectory Deploying web application directory [/Users/admin/Documents/Huong/java/myWebProject/tomcat/apache-tomcat-9.0.19/webapps/examples]
25-Apr-2019 13:13:08.762 INFO [main] org.apache.jasper.servlet.TldScanner.scanJars At least one JAR was scanned for TLDs yet contained no TLDs. Enable debug logging for this logger for a complete list of JARs that were scanned but no TLDs were found in them. Skipping unneeded JARs during scanning can improve startup time and JSP compilation time.
25-Apr-2019 13:13:08.780 INFO [main] org.apache.catalina.startup.HostConfig.deployDirectory Deployment of web application directory [/Users/admin/Documents/Huong/java/myWebProject/tomcat/apache-tomcat-9.0.19/webapps/examples] has finished in [317] ms
25-Apr-2019 13:13:08.781 INFO [main] org.apache.catalina.startup.HostConfig.deployDirectory Deploying web application directory [/Users/admin/Documents/Huong/java/myWebProject/tomcat/apache-tomcat-9.0.19/webapps/ROOT]
25-Apr-2019 13:13:08.860 INFO [main] org.apache.jasper.servlet.TldScanner.scanJars At least one JAR was scanned for TLDs yet contained no TLDs. Enable debug logging for this logger for a complete list of JARs that were scanned but no TLDs were found in them. Skipping unneeded JARs during scanning can improve startup time and JSP compilation time.
25-Apr-2019 13:13:08.862 INFO [main] org.apache.catalina.startup.HostConfig.deployDirectory Deployment of web application directory [/Users/admin/Documents/Huong/java/myWebProject/tomcat/apache-tomcat-9.0.19/webapps/ROOT] has finished in [80] ms
25-Apr-2019 13:13:08.862 INFO [main] org.apache.catalina.startup.HostConfig.deployDirectory Deploying web application directory [/Users/admin/Documents/Huong/java/myWebProject/tomcat/apache-tomcat-9.0.19/webapps/hello]
25-Apr-2019 13:13:08.960 INFO [main] org.apache.jasper.servlet.TldScanner.scanJars At least one JAR was scanned for TLDs yet contained no TLDs. Enable debug logging for this logger for a complete list of JARs that were scanned but no TLDs were found in them. Skipping unneeded JARs during scanning can improve startup time and JSP compilation time.
25-Apr-2019 13:13:08.967 INFO [main] org.apache.catalina.startup.HostConfig.deployDirectory Deployment of web application directory [/Users/admin/Documents/Huong/java/myWebProject/tomcat/apache-tomcat-9.0.19/webapps/hello] has finished in [105] ms
25-Apr-2019 13:13:08.967 INFO [main] org.apache.catalina.startup.HostConfig.deployDirectory Deploying web application directory [/Users/admin/Documents/Huong/java/myWebProject/tomcat/apache-tomcat-9.0.19/webapps/host-manager]
25-Apr-2019 13:13:09.040 INFO [main] org.apache.jasper.servlet.TldScanner.scanJars At least one JAR was scanned for TLDs yet contained no TLDs. Enable debug logging for this logger for a complete list of JARs that were scanned but no TLDs were found in them. Skipping unneeded JARs during scanning can improve startup time and JSP compilation time.
25-Apr-2019 13:13:09.042 INFO [main] org.apache.catalina.startup.HostConfig.deployDirectory Deployment of web application directory [/Users/admin/Documents/Huong/java/myWebProject/tomcat/apache-tomcat-9.0.19/webapps/host-manager] has finished in [75] ms
25-Apr-2019 13:13:09.046 INFO [main] org.apache.coyote.AbstractProtocol.start Starting ProtocolHandler ["http-nio-9999"]
25-Apr-2019 13:13:09.055 INFO [main] org.apache.coyote.AbstractProtocol.start Starting ProtocolHandler ["ajp-nio-8009"]
25-Apr-2019 13:13:09.059 INFO [main] org.apache.catalina.startup.Catalina.start Server startup in [1,154] milliseconds
25-Apr-2019 13:17:29.281 INFO [Catalina-utility-1] org.apache.catalina.startup.HostConfig.reload Reloading context [/examples]
25-Apr-2019 13:17:29.281 INFO [Catalina-utility-1] org.apache.catalina.core.StandardContext.reload Reloading Context with name [/examples] has started
25-Apr-2019 13:17:29.569 INFO [Catalina-utility-1] org.apache.jasper.servlet.TldScanner.scanJars At least one JAR was scanned for TLDs yet contained no TLDs. Enable debug logging for this logger for a complete list of JARs that were scanned but no TLDs were found in them. Skipping unneeded JARs during scanning can improve startup time and JSP compilation time.
25-Apr-2019 13:17:29.582 INFO [Catalina-utility-1] org.apache.catalina.core.StandardContext.reload Reloading Context with name [/examples] is completed
25-Apr-2019 13:19:09.679 INFO [Catalina-utility-1] org.apache.catalina.startup.HostConfig.reload Reloading context [/hello]
25-Apr-2019 13:19:09.679 INFO [Catalina-utility-1] org.apache.catalina.core.StandardContext.reload Reloading Context with name [/hello] has started
25-Apr-2019 13:19:09.784 WARNING [Catalina-utility-1] org.apache.jasper.servlet.TldScanner.scanJspConfig Failed to process TLD with path [/WEB-INF/jsp/debug-taglib.tld] and URI [http://tomcat.apache.org/debug-taglib]. The specified path does not exist.
25-Apr-2019 13:19:09.785 WARNING [Catalina-utility-1] org.apache.jasper.servlet.TldScanner.scanJspConfig Failed to process TLD with path [/WEB-INF/jsp2/jsp2-example-taglib.tld] and URI [http://tomcat.apache.org/jsp2-example-taglib]. The specified path does not exist.
25-Apr-2019 13:19:09.785 WARNING [Catalina-utility-1] org.apache.jasper.servlet.TldScanner.scanJspConfig Failed to process TLD with path [/WEB-INF/jsp/example-taglib.tld] and URI [http://tomcat.apache.org/example-taglib]. The specified path does not exist.
25-Apr-2019 13:19:09.788 INFO [Catalina-utility-1] org.apache.jasper.servlet.TldScanner.scanJars At least one JAR was scanned for TLDs yet contained no TLDs. Enable debug logging for this logger for a complete list of JARs that were scanned but no TLDs were found in them. Skipping unneeded JARs during scanning can improve startup time and JSP compilation time.
25-Apr-2019 13:19:09.791 SEVERE [Catalina-utility-1] org.apache.catalina.core.StandardContext.startInternal One or more listeners failed to start. Full details will be found in the appropriate container log file
25-Apr-2019 13:19:09.792 SEVERE [Catalina-utility-1] org.apache.catalina.core.StandardContext.startInternal Context [/hello] startup failed due to previous errors
25-Apr-2019 13:19:09.795 INFO [Catalina-utility-1] org.apache.catalina.core.StandardContext.reload Reloading Context with name [/hello] is completed
25-Apr-2019 13:20:29.861 INFO [Catalina-utility-1] org.apache.catalina.startup.HostConfig.reload Reloading context [/examples]
25-Apr-2019 13:20:29.861 INFO [Catalina-utility-1] org.apache.catalina.core.StandardContext.reload Reloading Context with name [/examples] has started
25-Apr-2019 13:20:30.092 INFO [Catalina-utility-1] org.apache.jasper.servlet.TldScanner.scanJars At least one JAR was scanned for TLDs yet contained no TLDs. Enable debug logging for this logger for a complete list of JARs that were scanned but no TLDs were found in them. Skipping unneeded JARs during scanning can improve startup time and JSP compilation time.
25-Apr-2019 13:20:30.104 INFO [Catalina-utility-1] org.apache.catalina.core.StandardContext.reload Reloading Context with name [/examples] is completed
25-Apr-2019 13:20:30.105 INFO [Catalina-utility-1] org.apache.catalina.startup.HostConfig.reload Reloading context [/hello]
25-Apr-2019 13:20:30.207 INFO [Catalina-utility-1] org.apache.jasper.servlet.TldScanner.scanJars At least one JAR was scanned for TLDs yet contained no TLDs. Enable debug logging for this logger for a complete list of JARs that were scanned but no TLDs were found in them. Skipping unneeded JARs during scanning can improve startup time and JSP compilation time.
25-Apr-2019 13:41:22.273 INFO [Thread-5] org.apache.coyote.AbstractProtocol.pause Pausing ProtocolHandler ["http-nio-9999"]
25-Apr-2019 13:41:22.282 INFO [Thread-5] org.apache.coyote.AbstractProtocol.pause Pausing ProtocolHandler ["ajp-nio-8009"]
25-Apr-2019 13:41:22.289 INFO [Thread-5] org.apache.catalina.core.StandardService.stopInternal Stopping service [Catalina]
25-Apr-2019 13:41:22.321 INFO [Thread-5] org.apache.coyote.AbstractProtocol.stop Stopping ProtocolHandler ["http-nio-9999"]
25-Apr-2019 13:41:22.326 INFO [Thread-5] org.apache.coyote.AbstractProtocol.stop Stopping ProtocolHandler ["ajp-nio-8009"]
25-Apr-2019 13:41:22.329 INFO [Thread-5] org.apache.coyote.AbstractProtocol.destroy Destroying ProtocolHandler ["http-nio-9999"]
25-Apr-2019 13:41:22.329 INFO [Thread-5] org.apache.coyote.AbstractProtocol.destroy Destroying ProtocolHandler ["ajp-nio-8009"]
25-Apr-2019 13:45:24.118 INFO [main] org.apache.catalina.startup.VersionLoggerListener.log Server version name:   Apache Tomcat/9.0.19
25-Apr-2019 13:45:24.122 INFO [main] org.apache.catalina.startup.VersionLoggerListener.log Server built:          Apr 12 2019 14:22:48 UTC
25-Apr-2019 13:45:24.123 INFO [main] org.apache.catalina.startup.VersionLoggerListener.log Server version number: 9.0.19.0
25-Apr-2019 13:45:24.123 INFO [main] org.apache.catalina.startup.VersionLoggerListener.log OS Name:               Mac OS X
25-Apr-2019 13:45:24.123 INFO [main] org.apache.catalina.startup.VersionLoggerListener.log OS Version:            10.14.3
25-Apr-2019 13:45:24.123 INFO [main] org.apache.catalina.startup.VersionLoggerListener.log Architecture:          x86_64
25-Apr-2019 13:45:24.123 INFO [main] org.apache.catalina.startup.VersionLoggerListener.log Java Home:             /Library/Java/JavaVirtualMachines/jdk1.8.0_201.jdk/Contents/Home/jre
25-Apr-2019 13:45:24.123 INFO [main] org.apache.catalina.startup.VersionLoggerListener.log JVM Version:           1.8.0_201-b09
25-Apr-2019 13:45:24.124 INFO [main] org.apache.catalina.startup.VersionLoggerListener.log JVM Vendor:            Oracle Corporation
25-Apr-2019 13:45:24.124 INFO [main] org.apache.catalina.startup.VersionLoggerListener.log CATALINA_BASE:         /Users/admin/Documents/Huong/java/myWebProject/tomcat/apache-tomcat-9.0.19
25-Apr-2019 13:45:24.124 INFO [main] org.apache.catalina.startup.VersionLoggerListener.log CATALINA_HOME:         /Users/admin/Documents/Huong/java/myWebProject/tomcat/apache-tomcat-9.0.19
25-Apr-2019 13:45:24.125 INFO [main] org.apache.catalina.startup.VersionLoggerListener.log Command line argument: -Djava.util.logging.config.file=/Users/admin/Documents/Huong/java/myWebProject/tomcat/apache-tomcat-9.0.19/conf/logging.properties
25-Apr-2019 13:45:24.126 INFO [main] org.apache.catalina.startup.VersionLoggerListener.log Command line argument: -Djava.util.logging.manager=org.apache.juli.ClassLoaderLogManager
25-Apr-2019 13:45:24.126 INFO [main] org.apache.catalina.startup.VersionLoggerListener.log Command line argument: -Djdk.tls.ephemeralDHKeySize=2048
25-Apr-2019 13:45:24.126 INFO [main] org.apache.catalina.startup.VersionLoggerListener.log Command line argument: -Djava.protocol.handler.pkgs=org.apache.catalina.webresources
25-Apr-2019 13:45:24.126 INFO [main] org.apache.catalina.startup.VersionLoggerListener.log Command line argument: -Dorg.apache.catalina.security.SecurityListener.UMASK=0027
25-Apr-2019 13:45:24.126 INFO [main] org.apache.catalina.startup.VersionLoggerListener.log Command line argument: -Dignore.endorsed.dirs=
25-Apr-2019 13:45:24.126 INFO [main] org.apache.catalina.startup.VersionLoggerListener.log Command line argument: -Dcatalina.base=/Users/admin/Documents/Huong/java/myWebProject/tomcat/apache-tomcat-9.0.19
25-Apr-2019 13:45:24.126 INFO [main] org.apache.catalina.startup.VersionLoggerListener.log Command line argument: -Dcatalina.home=/Users/admin/Documents/Huong/java/myWebProject/tomcat/apache-tomcat-9.0.19
25-Apr-2019 13:45:24.126 INFO [main] org.apache.catalina.startup.VersionLoggerListener.log Command line argument: -Djava.io.tmpdir=/Users/admin/Documents/Huong/java/myWebProject/tomcat/apache-tomcat-9.0.19/temp
25-Apr-2019 13:45:24.127 INFO [main] org.apache.catalina.core.AprLifecycleListener.lifecycleEvent The APR based Apache Tomcat Native library which allows optimal performance in production environments was not found on the java.library.path: [/Users/admin/Library/Java/Extensions:/Library/Java/Extensions:/Network/Library/Java/Extensions:/System/Library/Java/Extensions:/usr/lib/java:.]
25-Apr-2019 13:45:24.352 INFO [main] org.apache.coyote.AbstractProtocol.init Initializing ProtocolHandler ["http-nio-9999"]
25-Apr-2019 13:45:24.401 INFO [main] org.apache.coyote.AbstractProtocol.init Initializing ProtocolHandler ["ajp-nio-8009"]
25-Apr-2019 13:45:24.403 INFO [main] org.apache.catalina.startup.Catalina.load Server initialization in [865] milliseconds
25-Apr-2019 13:45:24.441 INFO [main] org.apache.catalina.core.StandardService.startInternal Starting service [Catalina]
25-Apr-2019 13:45:24.441 INFO [main] org.apache.catalina.core.StandardEngine.startInternal Starting Servlet engine: [Apache Tomcat/9.0.19]
25-Apr-2019 13:45:24.451 INFO [main] org.apache.catalina.startup.HostConfig.deployDirectory Deploying web application directory [/Users/admin/Documents/Huong/java/myWebProject/tomcat/apache-tomcat-9.0.19/webapps/docs]
25-Apr-2019 13:45:24.827 INFO [main] org.apache.jasper.servlet.TldScanner.scanJars At least one JAR was scanned for TLDs yet contained no TLDs. Enable debug logging for this logger for a complete list of JARs that were scanned but no TLDs were found in them. Skipping unneeded JARs during scanning can improve startup time and JSP compilation time.
25-Apr-2019 13:45:24.866 INFO [main] org.apache.catalina.startup.HostConfig.deployDirectory Deployment of web application directory [/Users/admin/Documents/Huong/java/myWebProject/tomcat/apache-tomcat-9.0.19/webapps/docs] has finished in [415] ms
25-Apr-2019 13:45:24.866 INFO [main] org.apache.catalina.startup.HostConfig.deployDirectory Deploying web application directory [/Users/admin/Documents/Huong/java/myWebProject/tomcat/apache-tomcat-9.0.19/webapps/manager]
25-Apr-2019 13:45:24.992 INFO [main] org.apache.jasper.servlet.TldScanner.scanJars At least one JAR was scanned for TLDs yet contained no TLDs. Enable debug logging for this logger for a complete list of JARs that were scanned but no TLDs were found in them. Skipping unneeded JARs during scanning can improve startup time and JSP compilation time.
25-Apr-2019 13:45:25.000 INFO [main] org.apache.catalina.startup.HostConfig.deployDirectory Deployment of web application directory [/Users/admin/Documents/Huong/java/myWebProject/tomcat/apache-tomcat-9.0.19/webapps/manager] has finished in [134] ms
25-Apr-2019 13:45:25.000 INFO [main] org.apache.catalina.startup.HostConfig.deployDirectory Deploying web application directory [/Users/admin/Documents/Huong/java/myWebProject/tomcat/apache-tomcat-9.0.19/webapps/examples]
25-Apr-2019 13:45:25.307 INFO [main] org.apache.jasper.servlet.TldScanner.scanJars At least one JAR was scanned for TLDs yet contained no TLDs. Enable debug logging for this logger for a complete list of JARs that were scanned but no TLDs were found in them. Skipping unneeded JARs during scanning can improve startup time and JSP compilation time.
25-Apr-2019 13:45:25.323 INFO [main] org.apache.catalina.startup.HostConfig.deployDirectory Deployment of web application directory [/Users/admin/Documents/Huong/java/myWebProject/tomcat/apache-tomcat-9.0.19/webapps/examples] has finished in [322] ms
25-Apr-2019 13:45:25.323 INFO [main] org.apache.catalina.startup.HostConfig.deployDirectory Deploying web application directory [/Users/admin/Documents/Huong/java/myWebProject/tomcat/apache-tomcat-9.0.19/webapps/ROOT]
25-Apr-2019 13:45:25.398 INFO [main] org.apache.jasper.servlet.TldScanner.scanJars At least one JAR was scanned for TLDs yet contained no TLDs. Enable debug logging for this logger for a complete list of JARs that were scanned but no TLDs were found in them. Skipping unneeded JARs during scanning can improve startup time and JSP compilation time.
25-Apr-2019 13:45:25.400 INFO [main] org.apache.catalina.startup.HostConfig.deployDirectory Deployment of web application directory [/Users/admin/Documents/Huong/java/myWebProject/tomcat/apache-tomcat-9.0.19/webapps/ROOT] has finished in [76] ms
25-Apr-2019 13:45:25.400 INFO [main] org.apache.catalina.startup.HostConfig.deployDirectory Deploying web application directory [/Users/admin/Documents/Huong/java/myWebProject/tomcat/apache-tomcat-9.0.19/webapps/hello]
25-Apr-2019 13:45:25.479 INFO [main] org.apache.jasper.servlet.TldScanner.scanJars At least one JAR was scanned for TLDs yet contained no TLDs. Enable debug logging for this logger for a complete list of JARs that were scanned but no TLDs were found in them. Skipping unneeded JARs during scanning can improve startup time and JSP compilation time.
25-Apr-2019 13:45:25.481 INFO [main] org.apache.catalina.startup.HostConfig.deployDirectory Deployment of web application directory [/Users/admin/Documents/Huong/java/myWebProject/tomcat/apache-tomcat-9.0.19/webapps/hello] has finished in [80] ms
25-Apr-2019 13:45:25.481 INFO [main] org.apache.catalina.startup.HostConfig.deployDirectory Deploying web application directory [/Users/admin/Documents/Huong/java/myWebProject/tomcat/apache-tomcat-9.0.19/webapps/host-manager]
25-Apr-2019 13:45:25.553 INFO [main] org.apache.jasper.servlet.TldScanner.scanJars At least one JAR was scanned for TLDs yet contained no TLDs. Enable debug logging for this logger for a complete list of JARs that were scanned but no TLDs were found in them. Skipping unneeded JARs during scanning can improve startup time and JSP compilation time.
25-Apr-2019 13:45:25.555 INFO [main] org.apache.catalina.startup.HostConfig.deployDirectory Deployment of web application directory [/Users/admin/Documents/Huong/java/myWebProject/tomcat/apache-tomcat-9.0.19/webapps/host-manager] has finished in [74] ms
25-Apr-2019 13:45:25.558 INFO [main] org.apache.coyote.AbstractProtocol.start Starting ProtocolHandler ["http-nio-9999"]
25-Apr-2019 13:45:25.567 INFO [main] org.apache.coyote.AbstractProtocol.start Starting ProtocolHandler ["ajp-nio-8009"]
25-Apr-2019 13:45:25.569 INFO [main] org.apache.catalina.startup.Catalina.start Server startup in [1,166] milliseconds
